<?xml version="1.0" encoding="UTF-8" standalone="no"?>
<testsuite errors="0" failures="0" name="io.cucumber.core.plugin.JUnitFormatter" skipped="0" tests="7" time="0.345">
<testcase classname="Banking Operations" name="Transfer funds from USD to EUR account" time="0.073">
<system-out><![CDATA[Given a bank account with account number "A-12345" and balance "$1000" in USD.passed
And a bank account with account number "B-67890" and balance "€800" in EUR..passed
When I transfer $300 from account "A-12345" to account "B-67890" in EUR.....passed
Then the account balance for account "A-12345" should be "$600".............passed
And the account balance for account "B-67890" should be "€1000".............passed
]]></system-out>
</testcase>
<testcase classname="Deposit Tests" name="Money Transfer with enough balance" time="0.003">
<system-out><![CDATA[Given User with account number 123456 is registered.........................passed
When User with account number 123456 transfers $300.........................passed
And User with account number 123456 transfers $200..........................passed
Then User with account number 123456 should have $0 in balance..............passed
]]></system-out>
</testcase>
<testcase classname="Transfer" name="Money transfer with insufficient funds" time="0.005">
<system-out><![CDATA[Given User with account number 4210 is registered...........................passed
And User with account number 4210 deposits $1000.0..........................passed
When User with account number 4210 transfers $1100.0........................passed
Then User with account number 4210 should have $1000.0 in balance...........passed
And User should see Insufficient funds message..............................passed
]]></system-out>
</testcase>
<testcase classname="Outlines Demo" name="Processing an insurance claim for &quot;Health&quot;" time="0.008">
<system-out><![CDATA[Given the customer has "Health" coverage....................................passed
And the customer has a claim with the following details:....................passed
When the customer submits the claim.........................................passed
Then the claim should be processed successfully.............................passed
]]></system-out>
</testcase>
<testcase classname="Outlines Demo" name="Processing an insurance claim for &quot;Auto&quot;" time="0.002">
<system-out><![CDATA[Given the customer has "Auto" coverage......................................passed
And the customer has a claim with the following details:....................passed
When the customer submits the claim.........................................passed
Then the claim should be processed successfully.............................passed
]]></system-out>
</testcase>
<testcase classname="Outlines Demo" name="Processing an insurance claim for &quot;Home&quot;" time="0.002">
<system-out><![CDATA[Given the customer has "Home" coverage......................................passed
And the customer has a claim with the following details:....................passed
When the customer submits the claim.........................................passed
Then the claim should be processed successfully.............................passed
]]></system-out>
</testcase>
<testcase classname="User Management" name="Creating a new user" time="0.002">
<system-out><![CDATA[Given the user is on the registration page..................................passed
When the user fills in the registration form................................passed
Then the user should be registered successfully.............................passed
]]></system-out>
</testcase>
</testsuite>
